# JRE version: Java(TM) SE Runtime Environment (17.0.6+9) (build 17.0.6+9-LTS-190)
# Java VM: Java HotSpot(TM) 64-Bit Server VM (17.0.6+9-LTS-190, mixed mode, sharing, tiered, compressed oops, compressed class ptrs, g1 gc, windows-amd64)
GC Precious Log:
 CPUs: 4 total, 4 available
 Memory: 15320M
 Large Page Support: Disabled
 NUMA Support: Disabled
 Compressed Oops: Enabled (Zero based)
 Heap Region Size: 2M
 Heap Min Capacity: 8M
 Heap Initial Capacity: 240M
 Heap Max Capacity: 3832M
 Pre-touch: Disabled
 Parallel Workers: 4
 Concurrent Workers: 1
 Concurrent Refinement Workers: 4
 Periodic GC: Disabled
Heap:
 garbage-first heap   total 374784K, used 84565K [0x0000000710800000, 0x0000000800000000)
  region size 2048K, 13 young (26624K), 1 survivors (2048K)
 Metaspace       used 26168K, committed 26432K, reserved 1073152K
  class space    used 2930K, committed 3072K, reserved 1048576K
GC Heap History (20 events):
Event: 4.287 GC heap before
{Heap before GC invocations=4 (full 0):
 garbage-first heap   total 245760K, used 32181K [0x0000000710800000, 0x0000000800000000)
  region size 2048K, 12 young (24576K), 8 survivors (16384K)
 Metaspace       used 21246K, committed 21504K, reserved 1073152K
  class space    used 2412K, committed 2560K, reserved 1048576K
}
Event: 4.302 GC heap after
{Heap after GC invocations=5 (full 0):
 garbage-first heap   total 245760K, used 28317K [0x0000000710800000, 0x0000000800000000)
  region size 2048K, 2 young (4096K), 2 survivors (4096K)
 Metaspace       used 21246K, committed 21504K, reserved 1073152K
  class space    used 2412K, committed 2560K, reserved 1048576K
}
Event: 13.708 GC heap before
{Heap before GC invocations=6 (full 0):
 garbage-first heap   total 116736K, used 85661K [0x0000000710800000, 0x0000000800000000)
  region size 2048K, 27 young (55296K), 2 survivors (4096K)
 Metaspace       used 25813K, committed 26112K, reserved 1073152K
  class space    used 2904K, committed 3072K, reserved 1048576K
}
Event: 13.766 GC heap after
{Heap after GC invocations=7 (full 0):
 garbage-first heap   total 116736K, used 55871K [0x0000000710800000, 0x0000000800000000)
  region size 2048K, 4 young (8192K), 4 survivors (8192K)
 Metaspace       used 25813K, committed 26112K, reserved 1073152K
  class space    used 2904K, committed 3072K, reserved 1048576K
}
Event: 13.918 GC heap before
{Heap before GC invocations=7 (full 0):
 garbage-first heap   total 116736K, used 57919K [0x0000000710800000, 0x0000000800000000)
  region size 2048K, 5 young (10240K), 4 survivors (8192K)
 Metaspace       used 25814K, committed 26112K, reserved 1073152K
  class space    used 2904K, committed 3072K, reserved 1048576K
}
Event: 13.938 GC heap after
{Heap after GC invocations=8 (full 0):
 garbage-first heap   total 116736K, used 59113K [0x0000000710800000, 0x0000000800000000)
  region size 2048K, 1 young (2048K), 1 survivors (2048K)
 Metaspace       used 25814K, committed 26112K, reserved 1073152K
  class space    used 2904K, committed 3072K, reserved 1048576K
}
Event: 15.600 GC heap before
{Heap before GC invocations=8 (full 0):
 garbage-first heap   total 116736K, used 81641K [0x0000000710800000, 0x0000000800000000)
  region size 2048K, 12 young (24576K), 1 survivors (2048K)
 Metaspace       used 25818K, committed 26112K, reserved 1073152K
  class space    used 2904K, committed 3072K, reserved 1048576K
}
Event: 15.635 GC heap after
{Heap after GC invocations=9 (full 0):
 garbage-first heap   total 116736K, used 71189K [0x0000000710800000, 0x0000000800000000)
  region size 2048K, 2 young (4096K), 2 survivors (4096K)
 Metaspace       used 25818K, committed 26112K, reserved 1073152K
  class space    used 2904K, committed 3072K, reserved 1048576K
}
Event: 16.079 GC heap before
{Heap before GC invocations=10 (full 0):
 garbage-first heap   total 116736K, used 69141K [0x0000000710800000, 0x0000000800000000)
  region size 2048K, 5 young (10240K), 2 survivors (4096K)
 Metaspace       used 25818K, committed 26112K, reserved 1073152K
  class space    used 2904K, committed 3072K, reserved 1048576K
}
Event: 16.099 GC heap after
{Heap after GC invocations=11 (full 0):
 garbage-first heap   total 116736K, used 69070K [0x0000000710800000, 0x0000000800000000)
  region size 2048K, 2 young (4096K), 2 survivors (4096K)
 Metaspace       used 25818K, committed 26112K, reserved 1073152K
  class space    used 2904K, committed 3072K, reserved 1048576K
}
Event: 24.150 GC heap before
{Heap before GC invocations=12 (full 0):
 garbage-first heap   total 133120K, used 89550K [0x0000000710800000, 0x0000000800000000)
  region size 2048K, 9 young (18432K), 2 survivors (4096K)
 Metaspace       used 26152K, committed 26432K, reserved 1073152K
  class space    used 2930K, committed 3072K, reserved 1048576K
}
Event: 24.180 GC heap after
{Heap after GC invocations=13 (full 0):
 garbage-first heap   total 133120K, used 81764K [0x0000000710800000, 0x0000000800000000)
  region size 2048K, 2 young (4096K), 2 survivors (4096K)
 Metaspace       used 26152K, committed 26432K, reserved 1073152K
  class space    used 2930K, committed 3072K, reserved 1048576K
}
Event: 24.222 GC heap before
{Heap before GC invocations=13 (full 0):
 garbage-first heap   total 133120K, used 87908K [0x0000000710800000, 0x0000000800000000)
  region size 2048K, 6 young (12288K), 2 survivors (4096K)
 Metaspace       used 26160K, committed 26432K, reserved 1073152K
  class space    used 2930K, committed 3072K, reserved 1048576K
}
Event: 24.236 GC heap after
{Heap after GC invocations=14 (full 0):
 garbage-first heap   total 133120K, used 85408K [0x0000000710800000, 0x0000000800000000)
  region size 2048K, 2 young (4096K), 2 survivors (4096K)
 Metaspace       used 26160K, committed 26432K, reserved 1073152K
  class space    used 2930K, committed 3072K, reserved 1048576K
}
Event: 24.608 GC heap before
{Heap before GC invocations=15 (full 0):
 garbage-first heap   total 153600K, used 87456K [0x0000000710800000, 0x0000000800000000)
  region size 2048K, 8 young (16384K), 2 survivors (4096K)
 Metaspace       used 26166K, committed 26432K, reserved 1073152K
  class space    used 2930K, committed 3072K, reserved 1048576K
}
Event: 24.612 GC heap after
{Heap after GC invocations=16 (full 0):
 garbage-first heap   total 153600K, used 77824K [0x0000000710800000, 0x0000000800000000)
  region size 2048K, 1 young (2048K), 1 survivors (2048K)
 Metaspace       used 26166K, committed 26432K, reserved 1073152K
  class space    used 2930K, committed 3072K, reserved 1048576K
}
Event: 24.783 GC heap before
{Heap before GC invocations=16 (full 0):
 garbage-first heap   total 153600K, used 79872K [0x0000000710800000, 0x0000000800000000)
  region size 2048K, 3 young (6144K), 1 survivors (2048K)
 Metaspace       used 26166K, committed 26432K, reserved 1073152K
  class space    used 2930K, committed 3072K, reserved 1048576K
}
Event: 24.796 GC heap after
{Heap after GC invocations=17 (full 0):
 garbage-first heap   total 153600K, used 67092K [0x0000000710800000, 0x0000000800000000)
  region size 2048K, 1 young (2048K), 1 survivors (2048K)
 Metaspace       used 26166K, committed 26432K, reserved 1073152K
  class space    used 2930K, committed 3072K, reserved 1048576K
}
Event: 24.830 GC heap before
{Heap before GC invocations=17 (full 0):
 garbage-first heap   total 153600K, used 71188K [0x0000000710800000, 0x0000000800000000)
  region size 2048K, 3 young (6144K), 1 survivors (2048K)
 Metaspace       used 26166K, committed 26432K, reserved 1073152K
  class space    used 2930K, committed 3072K, reserved 1048576K
}
Event: 24.856 GC heap after
{Heap after GC invocations=18 (full 0):
 garbage-first heap   total 374784K, used 62037K [0x0000000710800000, 0x0000000800000000)
  region size 2048K, 1 young (2048K), 1 survivors (2048K)
 Metaspace       used 26166K, committed 26432K, reserved 1073152K
  class space    used 2930K, committed 3072K, reserved 1048576K
}

